SF:lib/models/digit_row_card/digit_row_card_model.dart
DA:15,2
DA:16,2
LF:2
LH:2
end_of_record
SF:lib/models/digit_row_card/digit_row_card_model.g.dart
DA:9,2
DA:10,2
DA:11,2
DA:12,2
DA:13,2
DA:16,0
DA:18,0
DA:19,0
DA:20,0
DA:21,0
LF:10
LH:5
end_of_record
SF:lib/widgets/digit_row_card/digit_row_card.dart
DA:9,2
DA:16,2
DA:18,2
DA:20,2
DA:22,2
DA:23,2
DA:24,4
DA:26,2
DA:27,2
DA:28,6
DA:29,2
DA:30,2
DA:31,2
DA:32,2
DA:33,4
DA:34,4
DA:36,2
DA:37,4
DA:38,4
DA:40,2
DA:41,2
DA:42,2
DA:43,2
DA:45,2
DA:46,4
DA:47,4
DA:55,2
LF:27
LH:27
end_of_record
SF:lib/blocs/location/location.dart
DA:19,2
DA:20,2
DA:21,2
DA:22,2
DA:25,1
DA:29,4
DA:31,2
DA:32,1
DA:35,1
DA:36,4
DA:38,2
DA:39,2
DA:40,4
DA:42,1
DA:48,4
DA:52,1
DA:56,4
DA:58,2
DA:59,4
DA:61,2
DA:62,2
DA:63,4
DA:65,1
DA:71,4
DA:75,1
DA:79,4
DA:81,2
DA:83,1
DA:86,1
DA:87,0
DA:88,0
DA:89,0
DA:91,4
DA:94,2
DA:95,4
DA:98,0
DA:99,0
DA:102,2
DA:103,1
DA:104,1
DA:105,1
DA:106,2
DA:107,0
DA:110,4
DA:111,1
DA:112,1
DA:113,1
DA:116,0
DA:119,4
DA:139,12
DA:150,0
DA:151,0
DA:152,0
LF:53
LH:43
end_of_record
SF:lib/digit_components.dart
DA:12,1
DA:14,11
DA:16,1
DA:17,2
LF:4
LH:4
end_of_record
SF:lib/utils/app_logger.dart
DA:5,0
DA:8,11
DA:10,0
DA:11,0
DA:13,0
DA:14,0
DA:16,0
DA:17,0
DA:19,0
DA:23,0
DA:28,0
DA:33,0
DA:34,0
DA:35,0
DA:36,0
DA:37,0
DA:38,0
LF:17
LH:1
end_of_record
SF:lib/models/digit_table_model.dart
DA:9,0
DA:20,0
DA:28,0
LF:3
LH:0
end_of_record
SF:lib/theme/colors.dart
DA:4,11
DA:6,1
DA:7,1
DA:8,4
DA:9,1
DA:10,1
DA:11,0
DA:12,1
DA:13,1
DA:14,1
DA:15,1
DA:16,1
DA:17,1
DA:18,1
DA:19,0
DA:20,2
DA:21,2
DA:22,1
DA:23,1
DA:24,0
DA:25,0
DA:26,0
DA:27,0
LF:23
LH:17
end_of_record
SF:lib/theme/digit_theme.dart
DA:13,5
DA:15,4
DA:17,2
DA:18,1
DA:19,1
DA:20,2
DA:21,2
DA:24,11
DA:26,1
DA:29,1
DA:30,1
DA:31,2
DA:32,2
DA:34,1
DA:35,1
DA:36,1
DA:37,1
DA:38,1
DA:39,1
DA:43,2
DA:45,2
DA:46,2
DA:47,2
DA:48,2
DA:49,2
DA:50,2
DA:51,2
DA:52,2
DA:53,2
DA:54,2
DA:55,2
DA:56,2
DA:57,2
DA:58,2
DA:59,2
DA:60,2
DA:61,2
DA:62,2
DA:65,1
DA:70,2
DA:72,0
DA:76,0
DA:78,1
DA:82,2
DA:83,1
DA:84,1
DA:85,1
DA:86,2
DA:87,2
DA:88,3
DA:91,2
DA:96,2
DA:97,1
DA:98,1
DA:99,1
DA:101,2
DA:105,1
DA:115,2
DA:116,1
DA:122,1
DA:123,2
DA:126,1
DA:132,1
DA:133,2
DA:143,2
DA:144,2
DA:145,2
DA:156,2
DA:157,1
DA:158,3
DA:159,1
DA:163,0
DA:164,0
LF:73
LH:69
end_of_record
SF:lib/theme/typography.dart
DA:9,1
DA:19,4
DA:20,4
DA:21,4
DA:29,0
DA:30,3
DA:31,0
DA:32,0
DA:35,0
DA:36,0
DA:37,0
DA:40,3
DA:41,0
DA:42,0
DA:45,3
DA:46,3
DA:50,1
DA:55,1
DA:62,1
DA:64,1
DA:65,2
DA:69,2
DA:73,2
DA:77,2
DA:81,2
DA:85,2
DA:89,2
DA:93,2
DA:97,2
DA:101,2
LF:30
LH:22
end_of_record
SF:lib/widgets/atoms/digit_icon_button.dart
DA:10,0
DA:19,0
DA:21,0
DA:22,0
DA:23,0
DA:24,0
DA:27,0
DA:28,0
DA:30,0
DA:31,0
DA:32,0
DA:33,0
DA:34,0
DA:40,0
DA:41,0
DA:42,0
DA:43,0
DA:44,0
DA:45,0
LF:19
LH:0
end_of_record
SF:lib/widgets/atoms/digit_action_dialog.dart
DA:7,0
DA:9,0
DA:11,0
DA:13,0
DA:14,0
DA:16,0
DA:17,0
DA:19,0
LF:8
LH:0
end_of_record
SF:lib/widgets/atoms/digit_date_form_picker.dart
DA:24,0
DA:43,0
DA:45,0
DA:46,0
DA:47,0
DA:48,0
DA:49,0
DA:50,0
DA:51,0
DA:52,0
DA:53,0
DA:55,0
DA:56,0
DA:58,0
DA:60,0
DA:62,0
DA:63,0
DA:64,0
LF:18
LH:0
end_of_record
SF:lib/widgets/atoms/digit_dropdown.dart
DA:11,0
DA:20,0
DA:22,0
DA:24,0
DA:26,0
DA:27,0
DA:28,0
DA:29,0
DA:32,0
DA:33,0
DA:34,0
DA:35,0
DA:36,0
DA:37,0
DA:39,0
DA:51,0
LF:16
LH:0
end_of_record
SF:lib/widgets/atoms/digit_integer_form_picker.dart
DA:13,0
DA:24,0
DA:26,0
DA:27,0
DA:28,0
DA:29,0
DA:30,0
DA:31,0
DA:36,0
DA:37,0
DA:38,0
DA:39,0
DA:40,0
DA:41,0
DA:43,0
DA:44,0
DA:45,0
DA:46,0
DA:49,0
DA:50,0
DA:51,0
DA:52,0
DA:54,0
DA:56,0
DA:57,0
DA:60,0
DA:61,0
DA:65,0
DA:66,0
DA:67,0
DA:68,0
DA:69,0
DA:72,0
DA:78,0
DA:84,0
DA:86,0
DA:88,0
DA:89,0
DA:93,0
LF:39
LH:0
end_of_record
SF:lib/widgets/atoms/digit_outline_icon_button.dart
DA:9,0
DA:17,0
DA:19,0
DA:20,0
DA:22,0
DA:23,0
DA:24,0
DA:27,0
DA:28,0
DA:32,0
DA:33,0
DA:34,0
DA:35,0
LF:13
LH:0
end_of_record
SF:lib/widgets/atoms/digit_table_item.dart
DA:11,1
DA:21,1
DA:23,1
DA:24,1
DA:25,1
DA:26,3
DA:27,1
DA:28,0
DA:30,1
DA:31,1
DA:34,3
LF:11
LH:10
end_of_record
SF:lib/widgets/atoms/digit_table_item_title.dart
DA:9,0
DA:17,0
DA:19,0
DA:20,0
DA:21,0
DA:22,0
DA:23,0
DA:25,0
DA:26,0
DA:27,0
LF:10
LH:0
end_of_record
SF:lib/widgets/atoms/digit_text_form_field.dart
DA:21,0
DA:39,0
DA:40,0
DA:41,0
DA:42,0
DA:43,0
DA:44,0
DA:45,0
DA:46,0
DA:48,0
DA:49,0
DA:50,0
DA:51,0
DA:52,0
DA:53,0
DA:54,0
DA:59,0
DA:61,0
DA:62,0
DA:63,0
LF:20
LH:0
end_of_record
SF:lib/widgets/digit_banner.dart
DA:9,0
DA:17,0
DA:19,0
DA:20,0
DA:21,0
DA:22,0
DA:23,0
DA:24,0
DA:25,0
DA:31,0
LF:10
LH:0
end_of_record
SF:lib/widgets/digit_card.dart
DA:9,2
DA:17,2
DA:18,2
DA:19,2
DA:20,2
DA:21,2
DA:22,2
DA:23,2
DA:24,2
DA:29,2
LF:10
LH:10
end_of_record
SF:lib/widgets/digit_checkbox_tile.dart
DA:10,0
DA:19,0
DA:21,0
DA:23,0
DA:24,0
DA:25,0
DA:26,0
DA:27,0
DA:28,0
DA:29,0
DA:34,0
DA:35,0
DA:36,0
DA:37,0
DA:40,0
DA:43,0
DA:44,0
DA:45,0
DA:46,0
LF:19
LH:0
end_of_record
SF:lib/widgets/digit_dialog.dart
DA:7,1
DA:13,1
DA:17,1
DA:19,1
DA:20,1
DA:21,4
DA:22,2
DA:23,1
DA:29,1
DA:30,1
DA:31,2
DA:32,2
DA:34,1
DA:35,2
DA:36,1
DA:37,5
DA:38,5
DA:40,2
DA:41,1
DA:42,5
DA:43,5
DA:46,2
DA:47,2
DA:64,1
DA:79,1
DA:80,2
DA:81,1
DA:82,1
DA:83,1
DA:90,1
DA:91,2
DA:92,1
DA:93,1
DA:94,1
DA:106,1
LF:35
LH:35
end_of_record
SF:lib/widgets/digit_elevated_button.dart
DA:8,3
DA:14,3
DA:16,3
DA:17,3
DA:18,3
DA:19,3
DA:20,9
DA:25,3
DA:26,3
DA:29,3
DA:30,6
LF:11
LH:11
end_of_record
SF:lib/widgets/digit_icon_tile.dart
DA:9,0
DA:17,0
DA:19,0
DA:21,0
DA:22,0
DA:23,0
DA:25,0
DA:27,0
DA:28,0
DA:29,0
DA:32,0
DA:35,0
LF:12
LH:0
end_of_record
SF:lib/widgets/digit_info_card.dart
DA:12,1
DA:22,1
DA:24,1
DA:26,1
DA:27,2
DA:28,1
DA:29,1
DA:33,1
DA:35,1
DA:37,1
DA:38,1
DA:40,1
DA:41,1
DA:42,1
DA:43,1
DA:44,1
DA:45,1
DA:48,1
DA:49,1
DA:50,2
DA:54,1
DA:56,1
DA:57,1
DA:58,2
LF:24
LH:24
end_of_record
SF:lib/widgets/digit_outline_button.dart
DA:7,1
DA:9,1
DA:11,1
DA:12,1
DA:13,1
DA:14,1
DA:16,1
DA:17,1
DA:18,1
DA:19,2
LF:10
LH:10
end_of_record
SF:lib/widgets/digit_search_bar.dart
DA:9,1
DA:18,1
DA:20,1
DA:21,1
DA:22,1
DA:23,2
DA:24,1
DA:25,1
DA:27,1
DA:28,1
DA:30,1
DA:31,1
DA:33,1
DA:35,1
DA:36,1
DA:38,1
DA:39,2
DA:40,2
DA:41,1
DA:42,2
DA:43,2
LF:21
LH:21
end_of_record
SF:lib/widgets/digit_text_field.dart
DA:27,0
DA:51,0
DA:53,0
DA:54,0
DA:55,0
DA:56,0
DA:57,0
DA:58,0
DA:59,0
DA:61,0
DA:62,0
DA:63,0
DA:64,0
DA:65,0
DA:66,0
DA:67,0
DA:68,0
DA:69,0
DA:70,0
DA:76,0
LF:20
LH:0
end_of_record
SF:lib/widgets/labeled_field.dart
DA:7,0
DA:13,0
DA:14,0
DA:16,0
DA:19,0
DA:20,0
DA:21,0
DA:22,0
DA:25,0
LF:9
LH:0
end_of_record
SF:lib/widgets/molecules/digit_acknowledgement.dart
DA:12,1
DA:20,3
DA:23,1
DA:31,3
DA:34,1
DA:36,1
DA:38,1
DA:39,1
DA:40,1
DA:42,1
DA:43,1
DA:44,1
DA:49,1
DA:50,4
DA:52,1
DA:53,1
DA:55,1
DA:56,1
DA:58,1
DA:59,1
DA:62,2
DA:65,1
DA:66,2
DA:67,1
DA:68,1
DA:70,2
DA:76,1
DA:77,2
DA:78,1
DA:80,1
DA:81,1
DA:82,2
DA:86,1
DA:93,1
DA:94,1
DA:95,2
LF:36
LH:36
end_of_record
SF:lib/widgets/molecules/digit_language_card.dart
DA:11,1
DA:19,1
DA:21,1
DA:23,1
DA:26,1
DA:27,1
DA:28,1
DA:29,1
DA:31,7
DA:32,3
DA:38,1
DA:39,1
DA:40,3
LF:13
LH:13
end_of_record
SF:lib/widgets/molecules/digit_list_view.dart
DA:11,0
DA:19,0
DA:21,0
DA:22,0
DA:23,0
DA:24,0
DA:26,0
DA:27,0
DA:28,0
DA:29,0
DA:30,0
DA:31,0
DA:33,0
DA:34,0
DA:36,0
DA:37,0
DA:38,0
DA:45,0
DA:46,0
DA:47,0
DA:51,0
DA:52,0
DA:53,0
DA:57,0
DA:58,0
DA:59,0
LF:26
LH:0
end_of_record
SF:lib/widgets/molecules/digit_table.dart
DA:14,0
DA:21,0
DA:23,0
DA:25,0
DA:26,0
DA:28,0
DA:29,0
DA:30,0
DA:33,0
DA:34,0
DA:35,0
DA:36,0
DA:38,0
DA:40,0
DA:43,0
DA:45,0
DA:46,0
DA:48,0
DA:50,0
DA:51,0
DA:58,0
DA:63,0
DA:66,0
DA:68,0
DA:77,0
DA:78,0
DA:79,0
DA:83,0
DA:85,0
DA:86,0
DA:87,0
DA:88,0
DA:89,0
DA:92,0
DA:93,0
DA:94,0
DA:95,0
DA:107,0
DA:108,0
DA:109,0
DA:110,0
DA:111,0
DA:112,0
DA:113,0
DA:116,0
DA:117,0
DA:118,0
DA:121,0
DA:122,0
DA:123,0
DA:124,0
DA:125,0
DA:126,0
DA:127,0
DA:130,0
DA:131,0
DA:132,0
DA:137,0
DA:138,0
DA:139,0
DA:140,0
DA:143,0
DA:144,0
DA:149,0
DA:151,0
DA:152,0
DA:153,0
DA:154,0
DA:155,0
DA:156,0
DA:158,0
DA:159,0
DA:160,0
DA:162,0
DA:163,0
DA:164,0
DA:165,0
LF:77
LH:0
end_of_record
SF:lib/widgets/molecules/digit_table_card.dart
DA:10,0
DA:18,0
DA:20,0
DA:21,0
DA:23,0
DA:24,0
DA:25,0
DA:26,0
DA:27,0
DA:28,0
DA:29,0
DA:30,0
DA:31,0
DA:32,0
DA:33,0
DA:34,0
DA:36,0
DA:37,0
DA:38,0
DA:39,0
DA:41,0
DA:45,0
DA:47,0
DA:52,0
LF:24
LH:0
end_of_record
SF:lib/widgets/powered_by_digit.dart
DA:9,1
DA:12,1
DA:13,1
DA:17,1
DA:18,1
DA:19,1
DA:20,1
DA:22,2
DA:24,1
DA:28,2
DA:29,0
LF:11
LH:10
end_of_record
SF:lib/widgets/scrollable_content.dart
DA:13,1
DA:25,1
DA:27,1
DA:28,1
DA:29,1
DA:30,1
DA:31,1
DA:32,1
DA:33,1
DA:35,1
DA:36,1
DA:38,1
DA:39,1
DA:40,1
DA:41,1
DA:42,1
DA:44,1
DA:46,0
LF:18
LH:17
end_of_record
